<?xml version="1.0" encoding="UTF-8"?>
<coverage generated="1569031854541" clover="3.2.0">
  <project timestamp="1569031854541" name="All files">
    <metrics statements="27" coveredstatements="20" conditionals="4" coveredconditionals="2" methods="8" coveredmethods="6" elements="39" coveredelements="28" complexity="0" loc="27" ncloc="27" packages="1" files="2" classes="2"/>
    <file name="resolvers.js" path="/Users/devlon.d/src/js/bartender/resolvers.js">
      <metrics statements="14" coveredstatements="7" conditionals="4" coveredconditionals="2" methods="6" coveredmethods="4"/>
      <line num="3" count="2" type="stmt"/>
      <line num="5" count="3" type="stmt"/>
      <line num="7" count="2" type="cond" truecount="2" falsecount="0"/>
      <line num="8" count="1" type="stmt"/>
      <line num="10" count="1" type="stmt"/>
      <line num="12" count="1" type="stmt"/>
      <line num="17" count="1" type="stmt"/>
      <line num="20" count="0" type="cond" truecount="0" falsecount="2"/>
      <line num="21" count="0" type="stmt"/>
      <line num="24" count="0" type="stmt"/>
      <line num="29" count="0" type="stmt"/>
      <line num="32" count="0" type="stmt"/>
      <line num="33" count="0" type="stmt"/>
      <line num="35" count="0" type="stmt"/>
    </file>
    <file name="utils.js" path="/Users/devlon.d/src/js/bartender/utils.js">
      <metrics statements="13" coveredstatements="13" conditionals="0" coveredconditionals="0" methods="2" coveredmethods="2"/>
      <line num="3" count="2" type="stmt"/>
      <line num="4" count="2" type="stmt"/>
      <line num="7" count="2" type="stmt"/>
      <line num="8" count="7" type="stmt"/>
      <line num="9" count="7" type="stmt"/>
      <line num="12" count="2" type="stmt"/>
      <line num="13" count="2" type="stmt"/>
      <line num="14" count="2" type="stmt"/>
      <line num="18" count="2" type="stmt"/>
      <line num="19" count="2" type="stmt"/>
      <line num="21" count="2" type="stmt"/>
      <line num="23" count="2" type="stmt"/>
      <line num="34" count="2" type="stmt"/>
    </file>
  </project>
</coverage>
