TN:
SF:/Users/devlon.d/src/js/bartender/resolvers.js
FN:5,(anonymous_0)
FN:6,(anonymous_1)
FN:12,(anonymous_2)
FN:16,(anonymous_3)
FN:19,(anonymous_4)
FN:31,(anonymous_5)
FNF:6
FNH:4
FNDA:3,(anonymous_0)
FNDA:2,(anonymous_1)
FNDA:1,(anonymous_2)
FNDA:1,(anonymous_3)
FNDA:0,(anonymous_4)
FNDA:0,(anonymous_5)
DA:3,2
DA:5,3
DA:7,2
DA:8,1
DA:10,1
DA:12,1
DA:17,1
DA:20,0
DA:21,0
DA:24,0
DA:29,0
DA:32,0
DA:33,0
DA:35,0
LF:14
LH:7
BRDA:7,0,0,1
BRDA:7,0,1,1
BRDA:20,1,0,0
BRDA:20,1,1,0
BRF:4
BRH:2
end_of_record
TN:
SF:/Users/devlon.d/src/js/bartender/utils.js
FN:7,(anonymous_0)
FN:12,(anonymous_1)
FNF:2
FNH:2
FNDA:7,(anonymous_0)
FNDA:2,(anonymous_1)
DA:3,2
DA:4,2
DA:7,2
DA:8,7
DA:9,7
DA:12,2
DA:13,2
DA:14,2
DA:18,2
DA:19,2
DA:21,2
DA:23,2
DA:34,2
LF:13
LH:13
BRF:0
BRH:0
end_of_record
