TN:
SF:/Users/devlon.d/src/js/bartender/resolvers.js
FN:5,(anonymous_0)
FN:6,(anonymous_1)
FN:12,(anonymous_2)
FN:16,(anonymous_3)
FN:19,(anonymous_4)
FN:31,(anonymous_5)
FNF:6
FNH:6
FNDA:5,(anonymous_0)
FNDA:2,(anonymous_1)
FNDA:1,(anonymous_2)
FNDA:1,(anonymous_3)
FNDA:2,(anonymous_4)
FNDA:1,(anonymous_5)
DA:3,2
DA:5,5
DA:7,2
DA:8,1
DA:10,1
DA:12,1
DA:17,1
DA:20,2
DA:21,1
DA:24,1
DA:29,1
DA:32,1
DA:33,1
DA:35,1
LF:14
LH:14
BRDA:7,0,0,1
BRDA:7,0,1,1
BRDA:20,1,0,1
BRDA:20,1,1,1
BRF:4
BRH:4
end_of_record
TN:
SF:/Users/devlon.d/src/js/bartender/utils.js
FN:7,(anonymous_0)
FN:12,(anonymous_1)
FNF:2
FNH:2
FNDA:7,(anonymous_0)
FNDA:2,(anonymous_1)
DA:3,2
DA:4,2
DA:7,2
DA:8,7
DA:9,7
DA:12,2
DA:13,2
DA:14,2
DA:18,2
DA:19,2
DA:21,2
DA:23,2
DA:34,2
LF:13
LH:13
BRF:0
BRH:0
end_of_record
